Content-Type: text/plain; charset="utf-8"
MIME-Version: 1.0
Content-Transfer-Encoding: 7bit
Subject: Password reset on 127.0.0.1:8000
From: webmaster@localhost
To: tuxwonder7@gmail.com
Date: Mon, 25 Mar 2019 20:14:23 -0000
Message-ID: <155354486396.6005.7476486953243368324@tuxschool-VirtualBox>


You're receiving this email because you requested a password reset for your user account at 127.0.0.1:8000.

Please go to the following page and choose a new password:

http://127.0.0.1:8000/accounts/reset/MQ/54x-65fc24d2c271fb3db931/

Your username, in case you've forgotten: tuxschool

Thanks for using our site!

The 127.0.0.1:8000 team



-------------------------------------------------------------------------------
Content-Type: text/plain; charset="utf-8"
MIME-Version: 1.0
Content-Transfer-Encoding: 7bit
Subject: Password reset on 127.0.0.1:8000
From: webmaster@localhost
To: tuxwonder7@gmail.com
Date: Mon, 25 Mar 2019 20:14:23 -0000
Message-ID: <155354486396.6005.18007471066639000248@tuxschool-VirtualBox>


You're receiving this email because you requested a password reset for your user account at 127.0.0.1:8000.

Please go to the following page and choose a new password:

http://127.0.0.1:8000/accounts/reset/Mg/54x-07b7830fb7a56f39974f/

Your username, in case you've forgotten: tuxwonder7

Thanks for using our site!

The 127.0.0.1:8000 team



-------------------------------------------------------------------------------
